<?xml version="1.0" encoding="UTF-8"?>
<!-- Generated by org.testng.reporters.JUnitXMLReporter -->
<testsuite ignored="0" hostname="LAPTOP_DELL" failures="0" tests="3" name="submit order" time="69.018" errors="0" timestamp="2024-03-12T19:12:09 EDT">
  <testcase classname="rahulShettyAcademy.tests.SubmitOrder" name="submitOrder" time="22.085"/>
  <testcase classname="rahulShettyAcademy.tests.SubmitOrder" name="submitOrder" time="21.158"/>
  <testcase classname="rahulShettyAcademy.tests.SubmitOrder" name="verifyOrder" time="1.601"/>
</testsuite> <!-- submit order -->
