<?xml version="1.0" encoding="UTF-8"?>
<!-- Generated by org.testng.reporters.JUnitXMLReporter -->
<testsuite ignored="0" hostname="LAPTOP_DELL" failures="0" tests="2" name="error validations" time="30.945" errors="0" timestamp="2024-01-24T00:26:35 EST">
  <testcase classname="rahulShettyAcademy.tests.ErrorValidation" name="cartProductValidation" time="15.09"/>
  <testcase classname="rahulShettyAcademy.tests.ErrorValidation" name="loginWithInvalidData" time="0.848"/>
</testsuite> <!-- error validations -->
