<?xml version="1.0" encoding="UTF-8"?>
<!-- Generated by org.testng.reporters.JUnitXMLReporter -->
<testsuite ignored="0" hostname="LAPTOP_DELL" failures="0" tests="3" name="submit order" time="60.9" errors="0" timestamp="2024-01-24T00:27:04 EST">
  <testcase classname="rahulShettyAcademy.tests.SubmitOrder" name="submitOrder" time="19.839"/>
  <testcase classname="rahulShettyAcademy.tests.SubmitOrder" name="submitOrder" time="18.933"/>
  <testcase classname="rahulShettyAcademy.tests.SubmitOrder" name="verifyOrder" time="1.19"/>
</testsuite> <!-- submit order -->
